Arguments: 
  /usr/local/bin/node /Users/harshvardhanroy/.node/corepack/yarn/1.22.15/bin/yarn.js init

PATH: 
  /Library/Frameworks/Python.framework/Versions/3.10/bin:/usr/local/bin:/usr/bin:/bin:/usr/sbin:/sbin:/Library/Frameworks/Python.framework/Versions/3.10/bin

Yarn version: 
  1.22.15

Node version: 
  16.13.0

Platform: 
  darwin arm64

Trace: 
  Error: canceled
      at Interface.<anonymous> (/Users/harshvardhanroy/.node/corepack/yarn/1.22.15/lib/cli.js:137145:13)
      at Interface.emit (node:events:390:28)
      at Interface._ttyWrite (node:readline:1081:16)
      at ReadStream.onkeypress (node:readline:288:10)
      at ReadStream.emit (node:events:390:28)
      at emitKeys (node:internal/readline/utils:358:14)
      at emitKeys.next (<anonymous>)
      at ReadStream.onData (node:internal/readline/emitKeypressEvents:61:36)
      at ReadStream.emit (node:events:390:28)
      at addChunk (node:internal/streams/readable:315:12)

npm manifest: 
  {
    "name": "unfair-payment-splitter",
    "version": "1.0.0",
    "main": "index.js",
    "license": "MIT"
  }

yarn manifest: 
  No manifest

Lockfile: 
  No lockfile
